TN:
SF:C:\Users\aRti4\Desktop\Programming\Courses\LoftSchool\Lesson_1\src\dnd.js
FN:25,createDiv
FN:30,randomSize
FN:57,addListeners
FN:61,(anonymous_3)
FN:68,(anonymous_4)
FN:73,(anonymous_5)
FN:81,(anonymous_6)
FNF:7
FNH:4
FNDA:2,createDiv
FNDA:6,randomSize
FNDA:1,addListeners
FNDA:0,(anonymous_3)
FNDA:0,(anonymous_4)
FNDA:0,(anonymous_5)
FNDA:1,(anonymous_6)
DA:16,1
DA:26,2
DA:28,2
DA:31,6
DA:34,2
DA:35,2
DA:37,2
DA:38,12
DA:41,2
DA:42,2
DA:43,2
DA:44,2
DA:45,2
DA:47,2
DA:49,2
DA:61,1
DA:62,0
DA:64,0
DA:65,0
DA:68,1
DA:69,0
DA:70,0
DA:73,1
DA:74,0
DA:75,0
DA:79,1
DA:81,1
DA:83,1
DA:86,1
DA:88,1
LF:30
LH:23
BRF:0
BRH:0
end_of_record
TN:
SF:C:\Users\aRti4\Desktop\Programming\Courses\LoftSchool\Lesson_1\src\index.js
FN:10,addListener
FN:21,removeListener
FN:31,skipDefault
FN:32,(anonymous_3)
FN:42,emulateClick
FN:53,delegate
FN:54,eventDelegate
FN:73,once
FN:74,onceEvent
FNF:9
FNH:9
FNDA:1,addListener
FNDA:1,removeListener
FNDA:1,skipDefault
FNDA:1,(anonymous_3)
FNDA:1,emulateClick
FNDA:1,delegate
FNDA:4,eventDelegate
FNDA:1,once
FNDA:1,onceEvent
DA:11,1
DA:22,1
DA:32,1
DA:33,1
DA:43,1
DA:55,4
DA:56,1
DA:59,1
DA:61,1
DA:75,1
DA:76,1
DA:79,1
LF:12
LH:12
BRDA:55,0,0,1
BRDA:55,0,1,3
BRF:2
BRH:2
end_of_record
