TN:
SF:C:\Users\aRti4\Desktop\Programming\Courses\LoftSchool\Lesson_1\src\index.js
FN:12,isAllTrue
FN:40,isSomeTrue
FN:68,returnBadArguments
FN:104,calculator
FN:112,calculateTemplate
FN:114,(anonymous_5)
FN:143,(anonymous_6)
FN:147,(anonymous_7)
FN:151,(anonymous_8)
FN:155,(anonymous_9)
FNF:10
FNH:10
FNDA:7,isAllTrue
FNDA:6,isSomeTrue
FNDA:4,returnBadArguments
FNDA:8,calculator
FNDA:6,calculateTemplate
FNDA:6,(anonymous_5)
FNDA:2,(anonymous_6)
FNDA:2,(anonymous_7)
FNDA:1,(anonymous_8)
FNDA:1,(anonymous_9)
DA:14,7
DA:15,3
DA:16,4
DA:17,1
DA:20,3
DA:22,3
DA:23,23
DA:24,22
DA:28,3
DA:42,6
DA:43,3
DA:44,3
DA:45,1
DA:48,2
DA:50,2
DA:51,13
DA:52,1
DA:53,1
DA:57,2
DA:70,4
DA:71,1
DA:74,3
DA:76,3
DA:78,25
DA:79,22
DA:80,22
DA:82,3
DA:87,3
DA:106,8
DA:108,8
DA:109,1
DA:114,6
DA:116,6
DA:117,6
DA:119,2
DA:120,0
DA:123,2
DA:124,2
DA:126,1
DA:127,1
DA:129,1
DA:130,1
DA:132,2
DA:133,2
DA:137,6
DA:141,7
DA:143,7
DA:144,2
DA:147,7
DA:148,2
DA:151,7
DA:152,1
DA:155,7
DA:156,1
DA:159,7
LF:55
LH:54
BRDA:14,0,0,3
BRDA:14,0,1,4
BRDA:14,1,0,7
BRDA:14,1,1,6
BRDA:16,2,0,1
BRDA:16,2,1,3
BRDA:23,3,0,22
BRDA:23,3,1,1
BRDA:42,4,0,3
BRDA:42,4,1,3
BRDA:42,5,0,6
BRDA:42,5,1,5
BRDA:44,6,0,1
BRDA:44,6,1,2
BRDA:51,7,0,1
BRDA:51,7,1,12
BRDA:70,8,0,1
BRDA:70,8,1,3
BRDA:78,9,0,22
BRDA:78,9,1,3
BRDA:106,10,0,8
BRDA:106,10,1,2
BRDA:108,11,0,1
BRDA:108,11,1,7
BRDA:118,12,0,2
BRDA:118,12,1,1
BRDA:118,12,2,1
BRDA:118,12,3,2
BRDA:119,13,0,0
BRDA:119,13,1,2
BRF:30
BRH:29
end_of_record
