TN:
SF:C:\Users\aRti4\Desktop\Programming\Courses\LoftSchool\Lesson_1\src\index.js
FN:9,delayPromise
FN:10,(anonymous_1)
FN:22,loadAndSortTowns
FN:23,(anonymous_3)
FN:30,(anonymous_4)
FN:35,(anonymous_5)
FNF:6
FNH:6
FNDA:2,delayPromise
FNDA:2,(anonymous_1)
FNDA:2,loadAndSortTowns
FNDA:2,(anonymous_3)
FNDA:2,(anonymous_4)
FNDA:430,(anonymous_5)
DA:10,2
DA:11,2
DA:23,2
DA:24,2
DA:26,2
DA:28,2
DA:30,2
DA:32,2
DA:33,2
DA:35,2
DA:36,430
DA:37,224
DA:38,206
DA:39,206
DA:42,0
DA:45,2
DA:47,0
LF:17
LH:15
BRDA:32,0,0,2
BRDA:32,0,1,0
BRDA:36,1,0,224
BRDA:36,1,1,206
BRDA:38,2,0,206
BRDA:38,2,1,0
BRF:6
BRH:4
end_of_record
TN:
SF:C:\Users\aRti4\Desktop\Programming\Courses\LoftSchool\Lesson_1\src\towns.js
FN:38,loadTowns
FN:39,(anonymous_1)
FN:46,(anonymous_2)
FN:50,(anonymous_3)
FN:84,isMatching
FN:124,(anonymous_5)
FN:128,(anonymous_6)
FNF:7
FNH:7
FNDA:3,loadTowns
FNDA:3,(anonymous_1)
FNDA:3,(anonymous_2)
FNDA:645,(anonymous_3)
FNDA:55,isMatching
FNDA:2,(anonymous_5)
FNDA:2,(anonymous_6)
DA:30,1
DA:39,3
DA:40,3
DA:42,3
DA:44,3
DA:46,3
DA:47,3
DA:48,3
DA:50,3
DA:51,645
DA:52,336
DA:53,309
DA:54,309
DA:57,0
DA:60,3
DA:61,3
DA:63,3
DA:65,0
DA:85,55
DA:88,1
DA:89,1
DA:90,1
DA:91,1
DA:92,1
DA:124,1
DA:126,2
DA:128,2
DA:130,2
DA:131,1
DA:134,1
DA:135,50
DA:136,3
DA:138,3
DA:140,3
LF:34
LH:32
BRDA:47,0,0,3
BRDA:47,0,1,0
BRDA:51,1,0,336
BRDA:51,1,1,309
BRDA:53,2,0,309
BRDA:53,2,1,0
BRDA:130,3,0,1
BRDA:130,3,1,1
BRDA:135,4,0,3
BRDA:135,4,1,47
BRF:10
BRH:8
end_of_record
