TN:
SF:C:\Users\aRti4\Desktop\Programming\Courses\LoftSchool\Lesson_1\src\index.js
FN:8,returnFirstArgument
FN:18,defaultParameterValue
FN:30,returnArgumentsArray
FN:41,returnFnResult
FN:51,returnCounter
FN:54,(anonymous_5)
FN:65,bindFunction
FNF:7
FNH:7
FNDA:1,returnFirstArgument
FNDA:2,defaultParameterValue
FNDA:2,returnArgumentsArray
FNDA:1,returnFnResult
FNDA:3,returnCounter
FNDA:6,(anonymous_5)
FNDA:2,bindFunction
DA:9,1
DA:19,2
DA:21,2
DA:31,2
DA:33,2
DA:42,1
DA:52,3
DA:54,3
DA:55,6
DA:67,2
LF:10
LH:10
BRDA:19,0,0,1
BRDA:19,0,1,1
BRDA:31,1,0,1
BRDA:31,1,1,1
BRDA:52,2,0,1
BRDA:52,2,1,2
BRF:6
BRH:6
end_of_record
