TN:
SF:C:\Users\aRti4\Desktop\Programming\Courses\LoftSchool\Lesson_1\src\cookie.js
FN:42,addCookie
FN:51,getCookies
FN:62,(anonymous_2)
FN:71,deleteCookie
FN:77,isMatching
FN:81,createCookieRow
FN:106,renderCookies
FN:115,(anonymous_7)
FN:122,(anonymous_8)
FN:140,(anonymous_9)
FNF:10
FNH:10
FNDA:24,addCookie
FNDA:34,getCookies
FNDA:59,(anonymous_2)
FNDA:2,deleteCookie
FNDA:69,isMatching
FNDA:40,createCookieRow
FNDA:34,renderCookies
FNDA:2,(anonymous_7)
FNDA:31,(anonymous_8)
FNDA:24,(anonymous_9)
DA:35,1
DA:36,1
DA:37,1
DA:38,1
DA:39,1
DA:40,1
DA:43,24
DA:45,24
DA:46,24
DA:48,24
DA:52,34
DA:54,34
DA:56,34
DA:57,2
DA:60,32
DA:62,32
DA:63,59
DA:65,59
DA:68,32
DA:72,2
DA:74,2
DA:78,69
DA:82,40
DA:84,40
DA:85,40
DA:86,40
DA:88,40
DA:90,40
DA:91,40
DA:92,40
DA:94,40
DA:95,40
DA:97,40
DA:99,40
DA:100,40
DA:101,40
DA:103,40
DA:108,34
DA:110,34
DA:111,40
DA:115,1
DA:116,2
DA:117,2
DA:118,2
DA:122,1
DA:123,31
DA:124,18
DA:125,18
DA:126,18
DA:128,18
DA:129,37
DA:130,18
DA:134,18
DA:136,13
DA:140,1
DA:141,24
DA:142,24
DA:152,24
DA:156,1
LF:59
LH:59
BRDA:56,0,0,2
BRDA:56,0,1,32
BRDA:116,1,0,2
BRDA:116,1,1,0
BRDA:123,2,0,18
BRDA:123,2,1,13
BRDA:129,3,0,18
BRDA:129,3,1,19
BRDA:129,4,0,37
BRDA:129,4,1,32
BRDA:141,5,0,24
BRDA:141,5,1,0
BRDA:141,6,0,24
BRDA:141,6,1,24
BRF:14
BRH:12
end_of_record
TN:
SF:C:\Users\aRti4\Desktop\Programming\Courses\LoftSchool\Lesson_1\src\index.js
FN:11,createWindow
FN:20,closeWindow
FN:30,createCookie
FN:39,deleteCookie
FNF:4
FNH:4
FNDA:2,createWindow
FNDA:1,closeWindow
FNDA:2,createCookie
FNDA:1,deleteCookie
DA:12,2
DA:21,1
DA:31,2
DA:40,1
LF:4
LH:4
BRF:0
BRH:0
end_of_record
