TN:
SF:C:\Users\aRti4\Desktop\Programming\Courses\LoftSchool\Lesson_1\src\index.js
FN:7,forEach
FN:17,map
FN:31,reduce
FN:48,deleteProperty
FN:57,hasProperty
FN:70,getEnumProps
FN:84,upperProps
FN:99,slice
FN:119,createProxy
FN:121,set
FNF:10
FNH:10
FNDA:3,forEach
FNDA:5,map
FNDA:11,reduce
FNDA:1,deleteProperty
FNDA:2,hasProperty
FNDA:1,getEnumProps
FNDA:1,upperProps
FNDA:17,slice
FNDA:1,createProxy
FNDA:2,set
DA:8,3
DA:9,19
DA:18,5
DA:20,5
DA:21,35
DA:24,5
DA:33,11
DA:34,11
DA:36,11
DA:37,65
DA:40,11
DA:49,1
DA:63,2
DA:71,1
DA:73,1
DA:74,2
DA:77,1
DA:86,1
DA:88,1
DA:89,2
DA:92,1
DA:100,17
DA:101,17
DA:103,17
DA:105,17
DA:106,119
DA:107,56
DA:111,17
DA:121,1
DA:123,2
DA:125,2
DA:127,2
LF:32
LH:32
BRDA:33,0,0,4
BRDA:33,0,1,7
BRDA:34,1,0,11
BRDA:34,1,1,7
BRDA:100,2,0,12
BRDA:100,2,1,5
BRDA:100,3,0,5
BRDA:100,3,1,7
BRDA:101,4,0,8
BRDA:101,4,1,9
BRDA:106,5,0,56
BRDA:106,5,1,63
BRDA:106,6,0,119
BRDA:106,6,1,100
BRF:14
BRH:14
end_of_record
