TN:
SF:C:\Users\aRti4\Desktop\Programming\Courses\LoftSchool\Lesson_1\src\index.js
FN:9,createDivWithText
FN:23,createAWithHref
FN:37,prepend
FN:55,findAllPSiblings
FN:77,findError
FN:100,deleteTextNodes
FN:119,deleteTextNodesRecursive
FN:154,collectDOMStat
FN:161,compare
FN:230,observeChildNodes
FN:231,(anonymous_10)
FN:232,(anonymous_11)
FNF:12
FNH:12
FNDA:2,createDivWithText
FNDA:2,createAWithHref
FNDA:1,prepend
FNDA:1,findAllPSiblings
FNDA:1,findError
FNDA:1,deleteTextNodes
FNDA:5,deleteTextNodesRecursive
FNDA:4,collectDOMStat
FNDA:9,compare
FNDA:4,observeChildNodes
FNDA:4,(anonymous_10)
FNDA:4,(anonymous_11)
DA:10,2
DA:12,2
DA:14,2
DA:24,2
DA:26,2
DA:28,2
DA:38,1
DA:56,1
DA:58,1
DA:59,4
DA:61,4
DA:62,2
DA:66,1
DA:78,1
DA:80,1
DA:81,2
DA:84,1
DA:102,1
DA:103,3
DA:104,3
DA:121,5
DA:122,11
DA:124,11
DA:125,7
DA:127,4
DA:155,4
DA:161,4
DA:162,9
DA:163,2
DA:166,7
DA:169,4
DA:170,6
DA:172,6
DA:173,3
DA:176,3
DA:178,3
DA:179,3
DA:182,3
DA:184,3
DA:185,1
DA:188,3
DA:189,2
DA:192,3
DA:196,4
DA:231,4
DA:232,4
DA:233,4
DA:235,4
DA:236,2
DA:237,2
DA:238,2
DA:239,2
DA:240,2
DA:243,4
DA:247,4
DA:249,4
LF:56
LH:56
BRDA:61,0,0,2
BRDA:61,0,1,2
BRDA:103,1,0,3
BRDA:103,1,1,0
BRDA:124,2,0,7
BRDA:124,2,1,4
BRDA:162,3,0,2
BRDA:162,3,1,7
BRDA:172,4,0,3
BRDA:172,4,1,3
BRDA:235,5,0,2
BRDA:235,5,1,2
BRDA:238,6,0,2
BRDA:238,6,1,0
BRF:14
BRH:12
end_of_record
